<?xml version="1.0" encoding="UTF-8"?>
<!-- Generated by org.testng.reporters.JUnitReportReporter -->
<testsuite hostname="Nani" failures="0" tests="1" name="qa.pom.qa.PomModule" time="2.595" errors="0" timestamp="2022-11-24T23:23:55 IST" skipped="0">
  <testcase classname="qa.pom.qa.PomModule" name="operation" time="2.595"/>
  <system-out/>
</testsuite> <!-- qa.pom.qa.PomModule -->
