<?xml version="1.0" encoding="UTF-8"?>
<!-- Generated by org.testng.reporters.JUnitReportReporter -->
<testsuite hostname="Nani" failures="0" tests="1" name="com.qa.testcases.HomePageTestcase" time="12.281" errors="0" timestamp="2022-11-25T01:07:31 IST" skipped="0">
  <testcase classname="com.qa.testcases.HomePageTestcase" name="homepageTitleTest" time="12.281"/>
  <system-out/>
</testsuite> <!-- com.qa.testcases.HomePageTestcase -->
